  [1m[36m (1.1ms)[0m  [1mCREATE TABLE "schema_migrations" ("version" varchar NOT NULL) [0m
  [1m[35m (0.1ms)[0m  select sqlite_version(*)
  [1m[36m (0.9ms)[0m  [1mCREATE UNIQUE INDEX "unique_schema_migrations" ON "schema_migrations" ("version")[0m
  [1m[35mActiveRecord::SchemaMigration Load (0.1ms)[0m  SELECT "schema_migrations".* FROM "schema_migrations"
Migrating to CreateUsers (20150208065223)
  [1m[36m (0.4ms)[0m  [1mbegin transaction[0m
  [1m[35m (0.5ms)[0m  CREATE TABLE "users" ("id" INTEGER PRIMARY KEY AUTOINCREMENT NOT NULL, "created_at" datetime NOT NULL, "updated_at" datetime NOT NULL) 
  [1m[36mSQL (0.2ms)[0m  [1mINSERT INTO "schema_migrations" ("version") VALUES (?)[0m  [["version", "20150208065223"]]
  [1m[35m (0.9ms)[0m  commit transaction
Migrating to AddDeviseToUsers (20150208065633)
  [1m[36m (0.1ms)[0m  [1mbegin transaction[0m
  [1m[35m (0.3ms)[0m  ALTER TABLE "users" ADD "email" varchar DEFAULT '' NOT NULL
  [1m[36m (0.1ms)[0m  [1mALTER TABLE "users" ADD "encrypted_password" varchar DEFAULT '' NOT NULL[0m
  [1m[35m (0.1ms)[0m  ALTER TABLE "users" ADD "reset_password_token" varchar
  [1m[36m (0.1ms)[0m  [1mALTER TABLE "users" ADD "reset_password_sent_at" datetime[0m
  [1m[35m (0.1ms)[0m  ALTER TABLE "users" ADD "remember_created_at" datetime
  [1m[36m (0.1ms)[0m  [1mALTER TABLE "users" ADD "sign_in_count" integer DEFAULT 0 NOT NULL[0m
  [1m[35m (0.1ms)[0m  ALTER TABLE "users" ADD "current_sign_in_at" datetime
  [1m[36m (0.1ms)[0m  [1mALTER TABLE "users" ADD "last_sign_in_at" datetime[0m
  [1m[35m (0.1ms)[0m  ALTER TABLE "users" ADD "current_sign_in_ip" varchar
  [1m[36m (0.2ms)[0m  [1mALTER TABLE "users" ADD "last_sign_in_ip" varchar[0m
  [1m[35m (0.4ms)[0m  CREATE UNIQUE INDEX "index_users_on_email" ON "users" ("email")
  [1m[36m (0.1ms)[0m  [1m            SELECT sql
            FROM sqlite_master
            WHERE name='index_users_on_email' AND type='index'
            UNION ALL
            SELECT sql
            FROM sqlite_temp_master
            WHERE name='index_users_on_email' AND type='index'
[0m
  [1m[35m (0.1ms)[0m  CREATE UNIQUE INDEX "index_users_on_reset_password_token" ON "users" ("reset_password_token")
  [1m[36mSQL (0.1ms)[0m  [1mINSERT INTO "schema_migrations" ("version") VALUES (?)[0m  [["version", "20150208065633"]]
  [1m[35m (1.0ms)[0m  commit transaction
  [1m[36mActiveRecord::SchemaMigration Load (0.1ms)[0m  [1mSELECT "schema_migrations".* FROM "schema_migrations"[0m
  [1m[35m (0.1ms)[0m              SELECT sql
            FROM sqlite_master
            WHERE name='index_users_on_reset_password_token' AND type='index'
            UNION ALL
            SELECT sql
            FROM sqlite_temp_master
            WHERE name='index_users_on_reset_password_token' AND type='index'

  [1m[36m (0.1ms)[0m  [1m            SELECT sql
            FROM sqlite_master
            WHERE name='index_users_on_email' AND type='index'
            UNION ALL
            SELECT sql
            FROM sqlite_temp_master
            WHERE name='index_users_on_email' AND type='index'
[0m


Started GET "/" for ::1 at 2015-02-07 23:00:05 -0800
  [1m[36mActiveRecord::SchemaMigration Load (0.2ms)[0m  [1mSELECT "schema_migrations".* FROM "schema_migrations"[0m
Processing by UsersController#new as HTML
  Rendered users/new.html.erb within layouts/application (1.6ms)
Completed 200 OK in 1557ms (Views: 1537.7ms | ActiveRecord: 0.0ms)


Started GET "/assets/users-64e62ddc273c2f5847f30d698ca14b67.css?body=1" for ::1 at 2015-02-07 23:00:06 -0800


Started GET "/assets/application-5266d2988799ecc8fe6e81eaab412e7d.css?body=1" for ::1 at 2015-02-07 23:00:06 -0800


Started GET "/assets/jquery-5c8e9a5f2706a5ae36c57c9b8b1693b8.js?body=1" for ::1 at 2015-02-07 23:00:06 -0800


Started GET "/assets/jquery_ujs-c5940c7532618d551ab8f85cea97d045.js?body=1" for ::1 at 2015-02-07 23:00:06 -0800


Started GET "/assets/turbolinks-da8ddad9c2c5483d4c5c30c1ce325253.js?body=1" for ::1 at 2015-02-07 23:00:06 -0800


Started GET "/assets/application-98bdd5088e85b68111ee025b1fff31e9.js?body=1" for ::1 at 2015-02-07 23:00:06 -0800


Started GET "/assets/users-fcec5b5a277ac7c20cc9f45a209a3bcd.js?body=1" for ::1 at 2015-02-07 23:00:06 -0800


Started GET "/users/sign_up" for ::1 at 2015-02-07 23:00:13 -0800
Processing by Devise::RegistrationsController#new as HTML
  Rendered /Users/samshih/.gem/ruby/2.0.0/gems/devise-3.4.1/app/views/devise/shared/_links.html.erb (5.1ms)
  Rendered /Users/samshih/.gem/ruby/2.0.0/gems/devise-3.4.1/app/views/devise/registrations/new.html.erb within layouts/application (127.8ms)
Completed 200 OK in 198ms (Views: 176.4ms | ActiveRecord: 0.5ms)


Started GET "/assets/users-64e62ddc273c2f5847f30d698ca14b67.css?body=1" for ::1 at 2015-02-07 23:00:14 -0800


Started GET "/assets/turbolinks-da8ddad9c2c5483d4c5c30c1ce325253.js?body=1" for ::1 at 2015-02-07 23:00:14 -0800


Started GET "/assets/application-5266d2988799ecc8fe6e81eaab412e7d.css?body=1" for ::1 at 2015-02-07 23:00:14 -0800


Started GET "/assets/jquery_ujs-c5940c7532618d551ab8f85cea97d045.js?body=1" for ::1 at 2015-02-07 23:00:14 -0800


Started GET "/assets/users-fcec5b5a277ac7c20cc9f45a209a3bcd.js?body=1" for ::1 at 2015-02-07 23:00:14 -0800


Started GET "/assets/jquery-5c8e9a5f2706a5ae36c57c9b8b1693b8.js?body=1" for ::1 at 2015-02-07 23:00:14 -0800


Started GET "/assets/application-98bdd5088e85b68111ee025b1fff31e9.js?body=1" for ::1 at 2015-02-07 23:00:14 -0800
  [1m[36mUser Load (0.2ms)[0m  [1mSELECT  "users".* FROM "users"  ORDER BY "users"."id" ASC LIMIT 1[0m


Started GET "/users/sign_up" for ::1 at 2015-02-07 23:05:00 -0800
Processing by Devise::RegistrationsController#new as HTML
  Rendered /Users/samshih/.gem/ruby/2.0.0/gems/devise-3.4.1/app/views/devise/shared/_links.html.erb (2.2ms)
  Rendered /Users/samshih/.gem/ruby/2.0.0/gems/devise-3.4.1/app/views/devise/registrations/new.html.erb within layouts/application (7.9ms)
Completed 200 OK in 107ms (Views: 105.2ms | ActiveRecord: 0.0ms)


Started GET "/assets/users-64e62ddc273c2f5847f30d698ca14b67.css?body=1" for ::1 at 2015-02-07 23:05:00 -0800


Started GET "/assets/users-fcec5b5a277ac7c20cc9f45a209a3bcd.js?body=1" for ::1 at 2015-02-07 23:05:00 -0800


Started GET "/assets/application-5266d2988799ecc8fe6e81eaab412e7d.css?body=1" for ::1 at 2015-02-07 23:05:00 -0800


Started GET "/assets/turbolinks-da8ddad9c2c5483d4c5c30c1ce325253.js?body=1" for ::1 at 2015-02-07 23:05:00 -0800


Started GET "/assets/jquery-5c8e9a5f2706a5ae36c57c9b8b1693b8.js?body=1" for ::1 at 2015-02-07 23:05:00 -0800


Started GET "/assets/jquery_ujs-c5940c7532618d551ab8f85cea97d045.js?body=1" for ::1 at 2015-02-07 23:05:00 -0800


Started GET "/assets/application-98bdd5088e85b68111ee025b1fff31e9.js?body=1" for ::1 at 2015-02-07 23:05:00 -0800


Started GET "/users/sign_up" for ::1 at 2015-02-07 23:05:01 -0800
Processing by Devise::RegistrationsController#new as HTML
  Rendered /Users/samshih/.gem/ruby/2.0.0/gems/devise-3.4.1/app/views/devise/shared/_links.html.erb (2.6ms)
  Rendered /Users/samshih/.gem/ruby/2.0.0/gems/devise-3.4.1/app/views/devise/registrations/new.html.erb within layouts/application (7.6ms)
Completed 200 OK in 52ms (Views: 51.3ms | ActiveRecord: 0.0ms)


Started GET "/assets/users-64e62ddc273c2f5847f30d698ca14b67.css?body=1" for ::1 at 2015-02-07 23:05:01 -0800


Started GET "/assets/application-5266d2988799ecc8fe6e81eaab412e7d.css?body=1" for ::1 at 2015-02-07 23:05:01 -0800


Started GET "/assets/jquery-5c8e9a5f2706a5ae36c57c9b8b1693b8.js?body=1" for ::1 at 2015-02-07 23:05:01 -0800


Started GET "/assets/users-fcec5b5a277ac7c20cc9f45a209a3bcd.js?body=1" for ::1 at 2015-02-07 23:05:01 -0800


Started GET "/assets/turbolinks-da8ddad9c2c5483d4c5c30c1ce325253.js?body=1" for ::1 at 2015-02-07 23:05:01 -0800


Started GET "/assets/jquery_ujs-c5940c7532618d551ab8f85cea97d045.js?body=1" for ::1 at 2015-02-07 23:05:01 -0800


Started GET "/assets/application-98bdd5088e85b68111ee025b1fff31e9.js?body=1" for ::1 at 2015-02-07 23:05:01 -0800


Started GET "/users/sign_up" for ::1 at 2015-02-07 23:09:07 -0800
Processing by Devise::RegistrationsController#new as HTML
  Rendered /Users/samshih/.gem/ruby/2.0.0/gems/devise-3.4.1/app/views/devise/shared/_links.html.erb (2.2ms)
  Rendered /Users/samshih/.gem/ruby/2.0.0/gems/devise-3.4.1/app/views/devise/registrations/new.html.erb within layouts/application (8.1ms)
Completed 200 OK in 113ms (Views: 111.9ms | ActiveRecord: 0.0ms)


Started GET "/assets/users-64e62ddc273c2f5847f30d698ca14b67.css?body=1" for ::1 at 2015-02-07 23:09:08 -0800


Started GET "/assets/application-f7d23b97110ca070de6a7ea5627bff34.css?body=1" for ::1 at 2015-02-07 23:09:08 -0800


Started GET "/assets/turbolinks-da8ddad9c2c5483d4c5c30c1ce325253.js?body=1" for ::1 at 2015-02-07 23:09:08 -0800


Started GET "/assets/jquery-5c8e9a5f2706a5ae36c57c9b8b1693b8.js?body=1" for ::1 at 2015-02-07 23:09:08 -0800


Started GET "/assets/jquery_ujs-c5940c7532618d551ab8f85cea97d045.js?body=1" for ::1 at 2015-02-07 23:09:08 -0800


Started GET "/assets/users-fcec5b5a277ac7c20cc9f45a209a3bcd.js?body=1" for ::1 at 2015-02-07 23:09:08 -0800


Started GET "/assets/application-98bdd5088e85b68111ee025b1fff31e9.js?body=1" for ::1 at 2015-02-07 23:09:08 -0800


Started GET "/assets/bootstrap-sprockets" for ::1 at 2015-02-07 23:09:08 -0800

ActionController::RoutingError (No route matches [GET] "/assets/bootstrap-sprockets"):
  web-console (2.0.0) lib/action_dispatch/debug_exceptions.rb:22:in `middleware_call'
  web-console (2.0.0) lib/action_dispatch/debug_exceptions.rb:13:in `call'
  actionpack (4.2.0.rc1) lib/action_dispatch/middleware/show_exceptions.rb:30:in `call'
  railties (4.2.0.rc1) lib/rails/rack/logger.rb:38:in `call_app'
  railties (4.2.0.rc1) lib/rails/rack/logger.rb:20:in `block in call'
  activesupport (4.2.0.rc1) lib/active_support/tagged_logging.rb:68:in `block in tagged'
  activesupport (4.2.0.rc1) lib/active_support/tagged_logging.rb:26:in `tagged'
  activesupport (4.2.0.rc1) lib/active_support/tagged_logging.rb:68:in `tagged'
  railties (4.2.0.rc1) lib/rails/rack/logger.rb:20:in `call'
  actionpack (4.2.0.rc1) lib/action_dispatch/middleware/request_id.rb:21:in `call'
  rack (1.6.0) lib/rack/methodoverride.rb:22:in `call'
  rack (1.6.0) lib/rack/runtime.rb:18:in `call'
  activesupport (4.2.0.rc1) lib/active_support/cache/strategy/local_cache_middleware.rb:28:in `call'
  rack (1.6.0) lib/rack/lock.rb:17:in `call'
  actionpack (4.2.0.rc1) lib/action_dispatch/middleware/static.rb:113:in `call'
  rack (1.6.0) lib/rack/sendfile.rb:113:in `call'
  railties (4.2.0.rc1) lib/rails/engine.rb:518:in `call'
  railties (4.2.0.rc1) lib/rails/application.rb:164:in `call'
  rack (1.6.0) lib/rack/lock.rb:17:in `call'
  rack (1.6.0) lib/rack/content_length.rb:15:in `call'
  rack (1.6.0) lib/rack/handler/webrick.rb:89:in `service'
  /System/Library/Frameworks/Ruby.framework/Versions/2.0/usr/lib/ruby/2.0.0/webrick/httpserver.rb:138:in `service'
  /System/Library/Frameworks/Ruby.framework/Versions/2.0/usr/lib/ruby/2.0.0/webrick/httpserver.rb:94:in `run'
  /System/Library/Frameworks/Ruby.framework/Versions/2.0/usr/lib/ruby/2.0.0/webrick/server.rb:295:in `block in start_thread'


  Rendered /Library/Ruby/Gems/2.0.0/gems/web-console-2.0.0/lib/action_dispatch/templates/rescues/_trace.html.erb (1.5ms)
  Rendered /Library/Ruby/Gems/2.0.0/gems/web-console-2.0.0/lib/action_dispatch/templates/routes/_route.html.erb (1.6ms)
  Rendered /Library/Ruby/Gems/2.0.0/gems/web-console-2.0.0/lib/action_dispatch/templates/routes/_table.html.erb (3.9ms)
  Rendered /Library/Ruby/Gems/2.0.0/gems/web-console-2.0.0/lib/action_dispatch/templates/rescues/_request_and_response.html.erb (1.4ms)
  Rendered /Library/Ruby/Gems/2.0.0/gems/web-console-2.0.0/lib/action_dispatch/templates/rescues/_web_console.html.erb (0.9ms)
  Rendered /Library/Ruby/Gems/2.0.0/gems/web-console-2.0.0/lib/action_dispatch/templates/rescues/routing_error.html.erb within rescues/layout (45.4ms)


Started GET "/assets/bootstrap" for ::1 at 2015-02-07 23:09:08 -0800

ActionController::RoutingError (No route matches [GET] "/assets/bootstrap"):
  web-console (2.0.0) lib/action_dispatch/debug_exceptions.rb:22:in `middleware_call'
  web-console (2.0.0) lib/action_dispatch/debug_exceptions.rb:13:in `call'
  actionpack (4.2.0.rc1) lib/action_dispatch/middleware/show_exceptions.rb:30:in `call'
  railties (4.2.0.rc1) lib/rails/rack/logger.rb:38:in `call_app'
  railties (4.2.0.rc1) lib/rails/rack/logger.rb:20:in `block in call'
  activesupport (4.2.0.rc1) lib/active_support/tagged_logging.rb:68:in `block in tagged'
  activesupport (4.2.0.rc1) lib/active_support/tagged_logging.rb:26:in `tagged'
  activesupport (4.2.0.rc1) lib/active_support/tagged_logging.rb:68:in `tagged'
  railties (4.2.0.rc1) lib/rails/rack/logger.rb:20:in `call'
  actionpack (4.2.0.rc1) lib/action_dispatch/middleware/request_id.rb:21:in `call'
  rack (1.6.0) lib/rack/methodoverride.rb:22:in `call'
  rack (1.6.0) lib/rack/runtime.rb:18:in `call'
  activesupport (4.2.0.rc1) lib/active_support/cache/strategy/local_cache_middleware.rb:28:in `call'
  rack (1.6.0) lib/rack/lock.rb:17:in `call'
  actionpack (4.2.0.rc1) lib/action_dispatch/middleware/static.rb:113:in `call'
  rack (1.6.0) lib/rack/sendfile.rb:113:in `call'
  railties (4.2.0.rc1) lib/rails/engine.rb:518:in `call'
  railties (4.2.0.rc1) lib/rails/application.rb:164:in `call'
  rack (1.6.0) lib/rack/lock.rb:17:in `call'
  rack (1.6.0) lib/rack/content_length.rb:15:in `call'
  rack (1.6.0) lib/rack/handler/webrick.rb:89:in `service'
  /System/Library/Frameworks/Ruby.framework/Versions/2.0/usr/lib/ruby/2.0.0/webrick/httpserver.rb:138:in `service'
  /System/Library/Frameworks/Ruby.framework/Versions/2.0/usr/lib/ruby/2.0.0/webrick/httpserver.rb:94:in `run'
  /System/Library/Frameworks/Ruby.framework/Versions/2.0/usr/lib/ruby/2.0.0/webrick/server.rb:295:in `block in start_thread'


  Rendered /Library/Ruby/Gems/2.0.0/gems/web-console-2.0.0/lib/action_dispatch/templates/rescues/_trace.html.erb (1.4ms)
  Rendered /Library/Ruby/Gems/2.0.0/gems/web-console-2.0.0/lib/action_dispatch/templates/routes/_route.html.erb (1.6ms)
  Rendered /Library/Ruby/Gems/2.0.0/gems/web-console-2.0.0/lib/action_dispatch/templates/routes/_table.html.erb (1.2ms)
  Rendered /Library/Ruby/Gems/2.0.0/gems/web-console-2.0.0/lib/action_dispatch/templates/rescues/_request_and_response.html.erb (1.5ms)
  Rendered /Library/Ruby/Gems/2.0.0/gems/web-console-2.0.0/lib/action_dispatch/templates/rescues/_web_console.html.erb (0.9ms)
  Rendered /Library/Ruby/Gems/2.0.0/gems/web-console-2.0.0/lib/action_dispatch/templates/rescues/routing_error.html.erb within rescues/layout (30.8ms)


Started GET "/users/sign_up" for ::1 at 2015-02-07 23:09:08 -0800
Processing by Devise::RegistrationsController#new as HTML
  Rendered /Users/samshih/.gem/ruby/2.0.0/gems/devise-3.4.1/app/views/devise/shared/_links.html.erb (2.1ms)
  Rendered /Users/samshih/.gem/ruby/2.0.0/gems/devise-3.4.1/app/views/devise/registrations/new.html.erb within layouts/application (7.4ms)
Completed 200 OK in 51ms (Views: 50.2ms | ActiveRecord: 0.0ms)


Started GET "/assets/application-f7d23b97110ca070de6a7ea5627bff34.css?body=1" for ::1 at 2015-02-07 23:09:09 -0800


Started GET "/assets/users-64e62ddc273c2f5847f30d698ca14b67.css?body=1" for ::1 at 2015-02-07 23:09:09 -0800


Started GET "/assets/jquery_ujs-c5940c7532618d551ab8f85cea97d045.js?body=1" for ::1 at 2015-02-07 23:09:09 -0800


Started GET "/assets/users-fcec5b5a277ac7c20cc9f45a209a3bcd.js?body=1" for ::1 at 2015-02-07 23:09:09 -0800


Started GET "/assets/jquery-5c8e9a5f2706a5ae36c57c9b8b1693b8.js?body=1" for ::1 at 2015-02-07 23:09:09 -0800


Started GET "/assets/turbolinks-da8ddad9c2c5483d4c5c30c1ce325253.js?body=1" for ::1 at 2015-02-07 23:09:09 -0800


Started GET "/assets/application-98bdd5088e85b68111ee025b1fff31e9.js?body=1" for ::1 at 2015-02-07 23:09:09 -0800


Started GET "/assets/bootstrap-sprockets" for ::1 at 2015-02-07 23:09:09 -0800

ActionController::RoutingError (No route matches [GET] "/assets/bootstrap-sprockets"):
  web-console (2.0.0) lib/action_dispatch/debug_exceptions.rb:22:in `middleware_call'
  web-console (2.0.0) lib/action_dispatch/debug_exceptions.rb:13:in `call'
  actionpack (4.2.0.rc1) lib/action_dispatch/middleware/show_exceptions.rb:30:in `call'
  railties (4.2.0.rc1) lib/rails/rack/logger.rb:38:in `call_app'
  railties (4.2.0.rc1) lib/rails/rack/logger.rb:20:in `block in call'
  activesupport (4.2.0.rc1) lib/active_support/tagged_logging.rb:68:in `block in tagged'
  activesupport (4.2.0.rc1) lib/active_support/tagged_logging.rb:26:in `tagged'
  activesupport (4.2.0.rc1) lib/active_support/tagged_logging.rb:68:in `tagged'
  railties (4.2.0.rc1) lib/rails/rack/logger.rb:20:in `call'
  actionpack (4.2.0.rc1) lib/action_dispatch/middleware/request_id.rb:21:in `call'
  rack (1.6.0) lib/rack/methodoverride.rb:22:in `call'
  rack (1.6.0) lib/rack/runtime.rb:18:in `call'
  activesupport (4.2.0.rc1) lib/active_support/cache/strategy/local_cache_middleware.rb:28:in `call'
  rack (1.6.0) lib/rack/lock.rb:17:in `call'
  actionpack (4.2.0.rc1) lib/action_dispatch/middleware/static.rb:113:in `call'
  rack (1.6.0) lib/rack/sendfile.rb:113:in `call'
  railties (4.2.0.rc1) lib/rails/engine.rb:518:in `call'
  railties (4.2.0.rc1) lib/rails/application.rb:164:in `call'
  rack (1.6.0) lib/rack/lock.rb:17:in `call'
  rack (1.6.0) lib/rack/content_length.rb:15:in `call'
  rack (1.6.0) lib/rack/handler/webrick.rb:89:in `service'
  /System/Library/Frameworks/Ruby.framework/Versions/2.0/usr/lib/ruby/2.0.0/webrick/httpserver.rb:138:in `service'
  /System/Library/Frameworks/Ruby.framework/Versions/2.0/usr/lib/ruby/2.0.0/webrick/httpserver.rb:94:in `run'
  /System/Library/Frameworks/Ruby.framework/Versions/2.0/usr/lib/ruby/2.0.0/webrick/server.rb:295:in `block in start_thread'


  Rendered /Library/Ruby/Gems/2.0.0/gems/web-console-2.0.0/lib/action_dispatch/templates/rescues/_trace.html.erb (1.4ms)
  Rendered /Library/Ruby/Gems/2.0.0/gems/web-console-2.0.0/lib/action_dispatch/templates/routes/_route.html.erb (1.6ms)
  Rendered /Library/Ruby/Gems/2.0.0/gems/web-console-2.0.0/lib/action_dispatch/templates/routes/_table.html.erb (1.2ms)
  Rendered /Library/Ruby/Gems/2.0.0/gems/web-console-2.0.0/lib/action_dispatch/templates/rescues/_request_and_response.html.erb (1.3ms)
  Rendered /Library/Ruby/Gems/2.0.0/gems/web-console-2.0.0/lib/action_dispatch/templates/rescues/_web_console.html.erb (1.0ms)
  Rendered /Library/Ruby/Gems/2.0.0/gems/web-console-2.0.0/lib/action_dispatch/templates/rescues/routing_error.html.erb within rescues/layout (30.4ms)


Started GET "/assets/bootstrap" for ::1 at 2015-02-07 23:09:09 -0800

ActionController::RoutingError (No route matches [GET] "/assets/bootstrap"):
  web-console (2.0.0) lib/action_dispatch/debug_exceptions.rb:22:in `middleware_call'
  web-console (2.0.0) lib/action_dispatch/debug_exceptions.rb:13:in `call'
  actionpack (4.2.0.rc1) lib/action_dispatch/middleware/show_exceptions.rb:30:in `call'
  railties (4.2.0.rc1) lib/rails/rack/logger.rb:38:in `call_app'
  railties (4.2.0.rc1) lib/rails/rack/logger.rb:20:in `block in call'
  activesupport (4.2.0.rc1) lib/active_support/tagged_logging.rb:68:in `block in tagged'
  activesupport (4.2.0.rc1) lib/active_support/tagged_logging.rb:26:in `tagged'
  activesupport (4.2.0.rc1) lib/active_support/tagged_logging.rb:68:in `tagged'
  railties (4.2.0.rc1) lib/rails/rack/logger.rb:20:in `call'
  actionpack (4.2.0.rc1) lib/action_dispatch/middleware/request_id.rb:21:in `call'
  rack (1.6.0) lib/rack/methodoverride.rb:22:in `call'
  rack (1.6.0) lib/rack/runtime.rb:18:in `call'
  activesupport (4.2.0.rc1) lib/active_support/cache/strategy/local_cache_middleware.rb:28:in `call'
  rack (1.6.0) lib/rack/lock.rb:17:in `call'
  actionpack (4.2.0.rc1) lib/action_dispatch/middleware/static.rb:113:in `call'
  rack (1.6.0) lib/rack/sendfile.rb:113:in `call'
  railties (4.2.0.rc1) lib/rails/engine.rb:518:in `call'
  railties (4.2.0.rc1) lib/rails/application.rb:164:in `call'
  rack (1.6.0) lib/rack/lock.rb:17:in `call'
  rack (1.6.0) lib/rack/content_length.rb:15:in `call'
  rack (1.6.0) lib/rack/handler/webrick.rb:89:in `service'
  /System/Library/Frameworks/Ruby.framework/Versions/2.0/usr/lib/ruby/2.0.0/webrick/httpserver.rb:138:in `service'
  /System/Library/Frameworks/Ruby.framework/Versions/2.0/usr/lib/ruby/2.0.0/webrick/httpserver.rb:94:in `run'
  /System/Library/Frameworks/Ruby.framework/Versions/2.0/usr/lib/ruby/2.0.0/webrick/server.rb:295:in `block in start_thread'


  Rendered /Library/Ruby/Gems/2.0.0/gems/web-console-2.0.0/lib/action_dispatch/templates/rescues/_trace.html.erb (1.5ms)
  Rendered /Library/Ruby/Gems/2.0.0/gems/web-console-2.0.0/lib/action_dispatch/templates/routes/_route.html.erb (1.7ms)
  Rendered /Library/Ruby/Gems/2.0.0/gems/web-console-2.0.0/lib/action_dispatch/templates/routes/_table.html.erb (1.3ms)
  Rendered /Library/Ruby/Gems/2.0.0/gems/web-console-2.0.0/lib/action_dispatch/templates/rescues/_request_and_response.html.erb (1.4ms)
  Rendered /Library/Ruby/Gems/2.0.0/gems/web-console-2.0.0/lib/action_dispatch/templates/rescues/_web_console.html.erb (0.9ms)
  Rendered /Library/Ruby/Gems/2.0.0/gems/web-console-2.0.0/lib/action_dispatch/templates/rescues/routing_error.html.erb within rescues/layout (30.4ms)


Started GET "/users/sign_up" for ::1 at 2015-02-07 23:09:10 -0800
Processing by Devise::RegistrationsController#new as HTML
  Rendered /Users/samshih/.gem/ruby/2.0.0/gems/devise-3.4.1/app/views/devise/shared/_links.html.erb (2.2ms)
  Rendered /Users/samshih/.gem/ruby/2.0.0/gems/devise-3.4.1/app/views/devise/registrations/new.html.erb within layouts/application (7.4ms)
Completed 200 OK in 96ms (Views: 94.6ms | ActiveRecord: 0.0ms)


Started GET "/assets/users-64e62ddc273c2f5847f30d698ca14b67.css?body=1" for ::1 at 2015-02-07 23:09:10 -0800


Started GET "/assets/users-fcec5b5a277ac7c20cc9f45a209a3bcd.js?body=1" for ::1 at 2015-02-07 23:09:10 -0800


Started GET "/assets/application-f7d23b97110ca070de6a7ea5627bff34.css?body=1" for ::1 at 2015-02-07 23:09:10 -0800


Started GET "/assets/jquery-5c8e9a5f2706a5ae36c57c9b8b1693b8.js?body=1" for ::1 at 2015-02-07 23:09:10 -0800


Started GET "/assets/jquery_ujs-c5940c7532618d551ab8f85cea97d045.js?body=1" for ::1 at 2015-02-07 23:09:10 -0800


Started GET "/assets/turbolinks-da8ddad9c2c5483d4c5c30c1ce325253.js?body=1" for ::1 at 2015-02-07 23:09:10 -0800


Started GET "/assets/application-98bdd5088e85b68111ee025b1fff31e9.js?body=1" for ::1 at 2015-02-07 23:09:10 -0800


Started GET "/assets/bootstrap-sprockets" for ::1 at 2015-02-07 23:09:10 -0800

ActionController::RoutingError (No route matches [GET] "/assets/bootstrap-sprockets"):
  web-console (2.0.0) lib/action_dispatch/debug_exceptions.rb:22:in `middleware_call'
  web-console (2.0.0) lib/action_dispatch/debug_exceptions.rb:13:in `call'
  actionpack (4.2.0.rc1) lib/action_dispatch/middleware/show_exceptions.rb:30:in `call'
  railties (4.2.0.rc1) lib/rails/rack/logger.rb:38:in `call_app'
  railties (4.2.0.rc1) lib/rails/rack/logger.rb:20:in `block in call'
  activesupport (4.2.0.rc1) lib/active_support/tagged_logging.rb:68:in `block in tagged'
  activesupport (4.2.0.rc1) lib/active_support/tagged_logging.rb:26:in `tagged'
  activesupport (4.2.0.rc1) lib/active_support/tagged_logging.rb:68:in `tagged'
  railties (4.2.0.rc1) lib/rails/rack/logger.rb:20:in `call'
  actionpack (4.2.0.rc1) lib/action_dispatch/middleware/request_id.rb:21:in `call'
  rack (1.6.0) lib/rack/methodoverride.rb:22:in `call'
  rack (1.6.0) lib/rack/runtime.rb:18:in `call'
  activesupport (4.2.0.rc1) lib/active_support/cache/strategy/local_cache_middleware.rb:28:in `call'
  rack (1.6.0) lib/rack/lock.rb:17:in `call'
  actionpack (4.2.0.rc1) lib/action_dispatch/middleware/static.rb:113:in `call'
  rack (1.6.0) lib/rack/sendfile.rb:113:in `call'
  railties (4.2.0.rc1) lib/rails/engine.rb:518:in `call'
  railties (4.2.0.rc1) lib/rails/application.rb:164:in `call'
  rack (1.6.0) lib/rack/lock.rb:17:in `call'
  rack (1.6.0) lib/rack/content_length.rb:15:in `call'
  rack (1.6.0) lib/rack/handler/webrick.rb:89:in `service'
  /System/Library/Frameworks/Ruby.framework/Versions/2.0/usr/lib/ruby/2.0.0/webrick/httpserver.rb:138:in `service'
  /System/Library/Frameworks/Ruby.framework/Versions/2.0/usr/lib/ruby/2.0.0/webrick/httpserver.rb:94:in `run'
  /System/Library/Frameworks/Ruby.framework/Versions/2.0/usr/lib/ruby/2.0.0/webrick/server.rb:295:in `block in start_thread'


  Rendered /Library/Ruby/Gems/2.0.0/gems/web-console-2.0.0/lib/action_dispatch/templates/rescues/_trace.html.erb (1.3ms)
  Rendered /Library/Ruby/Gems/2.0.0/gems/web-console-2.0.0/lib/action_dispatch/templates/routes/_route.html.erb (1.5ms)
  Rendered /Library/Ruby/Gems/2.0.0/gems/web-console-2.0.0/lib/action_dispatch/templates/routes/_table.html.erb (1.1ms)
  Rendered /Library/Ruby/Gems/2.0.0/gems/web-console-2.0.0/lib/action_dispatch/templates/rescues/_request_and_response.html.erb (1.2ms)
  Rendered /Library/Ruby/Gems/2.0.0/gems/web-console-2.0.0/lib/action_dispatch/templates/rescues/_web_console.html.erb (1.0ms)
  Rendered /Library/Ruby/Gems/2.0.0/gems/web-console-2.0.0/lib/action_dispatch/templates/rescues/routing_error.html.erb within rescues/layout (30.1ms)


Started GET "/assets/bootstrap" for ::1 at 2015-02-07 23:09:10 -0800

ActionController::RoutingError (No route matches [GET] "/assets/bootstrap"):
  web-console (2.0.0) lib/action_dispatch/debug_exceptions.rb:22:in `middleware_call'
  web-console (2.0.0) lib/action_dispatch/debug_exceptions.rb:13:in `call'
  actionpack (4.2.0.rc1) lib/action_dispatch/middleware/show_exceptions.rb:30:in `call'
  railties (4.2.0.rc1) lib/rails/rack/logger.rb:38:in `call_app'
  railties (4.2.0.rc1) lib/rails/rack/logger.rb:20:in `block in call'
  activesupport (4.2.0.rc1) lib/active_support/tagged_logging.rb:68:in `block in tagged'
  activesupport (4.2.0.rc1) lib/active_support/tagged_logging.rb:26:in `tagged'
  activesupport (4.2.0.rc1) lib/active_support/tagged_logging.rb:68:in `tagged'
  railties (4.2.0.rc1) lib/rails/rack/logger.rb:20:in `call'
  actionpack (4.2.0.rc1) lib/action_dispatch/middleware/request_id.rb:21:in `call'
  rack (1.6.0) lib/rack/methodoverride.rb:22:in `call'
  rack (1.6.0) lib/rack/runtime.rb:18:in `call'
  activesupport (4.2.0.rc1) lib/active_support/cache/strategy/local_cache_middleware.rb:28:in `call'
  rack (1.6.0) lib/rack/lock.rb:17:in `call'
  actionpack (4.2.0.rc1) lib/action_dispatch/middleware/static.rb:113:in `call'
  rack (1.6.0) lib/rack/sendfile.rb:113:in `call'
  railties (4.2.0.rc1) lib/rails/engine.rb:518:in `call'
  railties (4.2.0.rc1) lib/rails/application.rb:164:in `call'
  rack (1.6.0) lib/rack/lock.rb:17:in `call'
  rack (1.6.0) lib/rack/content_length.rb:15:in `call'
  rack (1.6.0) lib/rack/handler/webrick.rb:89:in `service'
  /System/Library/Frameworks/Ruby.framework/Versions/2.0/usr/lib/ruby/2.0.0/webrick/httpserver.rb:138:in `service'
  /System/Library/Frameworks/Ruby.framework/Versions/2.0/usr/lib/ruby/2.0.0/webrick/httpserver.rb:94:in `run'
  /System/Library/Frameworks/Ruby.framework/Versions/2.0/usr/lib/ruby/2.0.0/webrick/server.rb:295:in `block in start_thread'


  Rendered /Library/Ruby/Gems/2.0.0/gems/web-console-2.0.0/lib/action_dispatch/templates/rescues/_trace.html.erb (1.2ms)
  Rendered /Library/Ruby/Gems/2.0.0/gems/web-console-2.0.0/lib/action_dispatch/templates/routes/_route.html.erb (1.6ms)
  Rendered /Library/Ruby/Gems/2.0.0/gems/web-console-2.0.0/lib/action_dispatch/templates/routes/_table.html.erb (1.2ms)
  Rendered /Library/Ruby/Gems/2.0.0/gems/web-console-2.0.0/lib/action_dispatch/templates/rescues/_request_and_response.html.erb (1.3ms)
  Rendered /Library/Ruby/Gems/2.0.0/gems/web-console-2.0.0/lib/action_dispatch/templates/rescues/_web_console.html.erb (0.9ms)
  Rendered /Library/Ruby/Gems/2.0.0/gems/web-console-2.0.0/lib/action_dispatch/templates/rescues/routing_error.html.erb within rescues/layout (29.4ms)


Started GET "/sign_up" for ::1 at 2015-02-07 23:09:14 -0800

ActionController::RoutingError (No route matches [GET] "/sign_up"):
  web-console (2.0.0) lib/action_dispatch/debug_exceptions.rb:22:in `middleware_call'
  web-console (2.0.0) lib/action_dispatch/debug_exceptions.rb:13:in `call'
  actionpack (4.2.0.rc1) lib/action_dispatch/middleware/show_exceptions.rb:30:in `call'
  railties (4.2.0.rc1) lib/rails/rack/logger.rb:38:in `call_app'
  railties (4.2.0.rc1) lib/rails/rack/logger.rb:20:in `block in call'
  activesupport (4.2.0.rc1) lib/active_support/tagged_logging.rb:68:in `block in tagged'
  activesupport (4.2.0.rc1) lib/active_support/tagged_logging.rb:26:in `tagged'
  activesupport (4.2.0.rc1) lib/active_support/tagged_logging.rb:68:in `tagged'
  railties (4.2.0.rc1) lib/rails/rack/logger.rb:20:in `call'
  actionpack (4.2.0.rc1) lib/action_dispatch/middleware/request_id.rb:21:in `call'
  rack (1.6.0) lib/rack/methodoverride.rb:22:in `call'
  rack (1.6.0) lib/rack/runtime.rb:18:in `call'
  activesupport (4.2.0.rc1) lib/active_support/cache/strategy/local_cache_middleware.rb:28:in `call'
  rack (1.6.0) lib/rack/lock.rb:17:in `call'
  actionpack (4.2.0.rc1) lib/action_dispatch/middleware/static.rb:113:in `call'
  rack (1.6.0) lib/rack/sendfile.rb:113:in `call'
  railties (4.2.0.rc1) lib/rails/engine.rb:518:in `call'
  railties (4.2.0.rc1) lib/rails/application.rb:164:in `call'
  rack (1.6.0) lib/rack/lock.rb:17:in `call'
  rack (1.6.0) lib/rack/content_length.rb:15:in `call'
  rack (1.6.0) lib/rack/handler/webrick.rb:89:in `service'
  /System/Library/Frameworks/Ruby.framework/Versions/2.0/usr/lib/ruby/2.0.0/webrick/httpserver.rb:138:in `service'
  /System/Library/Frameworks/Ruby.framework/Versions/2.0/usr/lib/ruby/2.0.0/webrick/httpserver.rb:94:in `run'
  /System/Library/Frameworks/Ruby.framework/Versions/2.0/usr/lib/ruby/2.0.0/webrick/server.rb:295:in `block in start_thread'


  Rendered /Library/Ruby/Gems/2.0.0/gems/web-console-2.0.0/lib/action_dispatch/templates/rescues/_trace.html.erb (1.2ms)
  Rendered /Library/Ruby/Gems/2.0.0/gems/web-console-2.0.0/lib/action_dispatch/templates/routes/_route.html.erb (45.4ms)
  Rendered /Library/Ruby/Gems/2.0.0/gems/web-console-2.0.0/lib/action_dispatch/templates/routes/_table.html.erb (1.2ms)
  Rendered /Library/Ruby/Gems/2.0.0/gems/web-console-2.0.0/lib/action_dispatch/templates/rescues/_request_and_response.html.erb (1.2ms)
  Rendered /Library/Ruby/Gems/2.0.0/gems/web-console-2.0.0/lib/action_dispatch/templates/rescues/_web_console.html.erb (0.8ms)
  Rendered /Library/Ruby/Gems/2.0.0/gems/web-console-2.0.0/lib/action_dispatch/templates/rescues/routing_error.html.erb within rescues/layout (72.9ms)


Started GET "/sign_in" for ::1 at 2015-02-07 23:09:15 -0800

ActionController::RoutingError (No route matches [GET] "/sign_in"):
  web-console (2.0.0) lib/action_dispatch/debug_exceptions.rb:22:in `middleware_call'
  web-console (2.0.0) lib/action_dispatch/debug_exceptions.rb:13:in `call'
  actionpack (4.2.0.rc1) lib/action_dispatch/middleware/show_exceptions.rb:30:in `call'
  railties (4.2.0.rc1) lib/rails/rack/logger.rb:38:in `call_app'
  railties (4.2.0.rc1) lib/rails/rack/logger.rb:20:in `block in call'
  activesupport (4.2.0.rc1) lib/active_support/tagged_logging.rb:68:in `block in tagged'
  activesupport (4.2.0.rc1) lib/active_support/tagged_logging.rb:26:in `tagged'
  activesupport (4.2.0.rc1) lib/active_support/tagged_logging.rb:68:in `tagged'
  railties (4.2.0.rc1) lib/rails/rack/logger.rb:20:in `call'
  actionpack (4.2.0.rc1) lib/action_dispatch/middleware/request_id.rb:21:in `call'
  rack (1.6.0) lib/rack/methodoverride.rb:22:in `call'
  rack (1.6.0) lib/rack/runtime.rb:18:in `call'
  activesupport (4.2.0.rc1) lib/active_support/cache/strategy/local_cache_middleware.rb:28:in `call'
  rack (1.6.0) lib/rack/lock.rb:17:in `call'
  actionpack (4.2.0.rc1) lib/action_dispatch/middleware/static.rb:113:in `call'
  rack (1.6.0) lib/rack/sendfile.rb:113:in `call'
  railties (4.2.0.rc1) lib/rails/engine.rb:518:in `call'
  railties (4.2.0.rc1) lib/rails/application.rb:164:in `call'
  rack (1.6.0) lib/rack/lock.rb:17:in `call'
  rack (1.6.0) lib/rack/content_length.rb:15:in `call'
  rack (1.6.0) lib/rack/handler/webrick.rb:89:in `service'
  /System/Library/Frameworks/Ruby.framework/Versions/2.0/usr/lib/ruby/2.0.0/webrick/httpserver.rb:138:in `service'
  /System/Library/Frameworks/Ruby.framework/Versions/2.0/usr/lib/ruby/2.0.0/webrick/httpserver.rb:94:in `run'
  /System/Library/Frameworks/Ruby.framework/Versions/2.0/usr/lib/ruby/2.0.0/webrick/server.rb:295:in `block in start_thread'


  Rendered /Library/Ruby/Gems/2.0.0/gems/web-console-2.0.0/lib/action_dispatch/templates/rescues/_trace.html.erb (1.5ms)
  Rendered /Library/Ruby/Gems/2.0.0/gems/web-console-2.0.0/lib/action_dispatch/templates/routes/_route.html.erb (2.0ms)
  Rendered /Library/Ruby/Gems/2.0.0/gems/web-console-2.0.0/lib/action_dispatch/templates/routes/_table.html.erb (1.3ms)
  Rendered /Library/Ruby/Gems/2.0.0/gems/web-console-2.0.0/lib/action_dispatch/templates/rescues/_request_and_response.html.erb (1.2ms)
  Rendered /Library/Ruby/Gems/2.0.0/gems/web-console-2.0.0/lib/action_dispatch/templates/rescues/_web_console.html.erb (0.9ms)
  Rendered /Library/Ruby/Gems/2.0.0/gems/web-console-2.0.0/lib/action_dispatch/templates/rescues/routing_error.html.erb within rescues/layout (31.7ms)


Started GET "/users/sign_in" for ::1 at 2015-02-07 23:09:19 -0800
Processing by Devise::SessionsController#new as HTML
  Rendered /Users/samshih/.gem/ruby/2.0.0/gems/devise-3.4.1/app/views/devise/shared/_links.html.erb (5.0ms)
  Rendered /Users/samshih/.gem/ruby/2.0.0/gems/devise-3.4.1/app/views/devise/sessions/new.html.erb within layouts/application (17.8ms)
Completed 200 OK in 111ms (Views: 106.2ms | ActiveRecord: 0.0ms)


Started GET "/assets/users-64e62ddc273c2f5847f30d698ca14b67.css?body=1" for ::1 at 2015-02-07 23:09:19 -0800


Started GET "/assets/jquery-5c8e9a5f2706a5ae36c57c9b8b1693b8.js?body=1" for ::1 at 2015-02-07 23:09:19 -0800


Started GET "/assets/users-fcec5b5a277ac7c20cc9f45a209a3bcd.js?body=1" for ::1 at 2015-02-07 23:09:19 -0800


Started GET "/assets/application-f7d23b97110ca070de6a7ea5627bff34.css?body=1" for ::1 at 2015-02-07 23:09:19 -0800


Started GET "/assets/turbolinks-da8ddad9c2c5483d4c5c30c1ce325253.js?body=1" for ::1 at 2015-02-07 23:09:19 -0800


Started GET "/assets/jquery_ujs-c5940c7532618d551ab8f85cea97d045.js?body=1" for ::1 at 2015-02-07 23:09:19 -0800


Started GET "/assets/application-98bdd5088e85b68111ee025b1fff31e9.js?body=1" for ::1 at 2015-02-07 23:09:19 -0800


Started GET "/assets/bootstrap-sprockets" for ::1 at 2015-02-07 23:09:19 -0800

ActionController::RoutingError (No route matches [GET] "/assets/bootstrap-sprockets"):
  web-console (2.0.0) lib/action_dispatch/debug_exceptions.rb:22:in `middleware_call'
  web-console (2.0.0) lib/action_dispatch/debug_exceptions.rb:13:in `call'
  actionpack (4.2.0.rc1) lib/action_dispatch/middleware/show_exceptions.rb:30:in `call'
  railties (4.2.0.rc1) lib/rails/rack/logger.rb:38:in `call_app'
  railties (4.2.0.rc1) lib/rails/rack/logger.rb:20:in `block in call'
  activesupport (4.2.0.rc1) lib/active_support/tagged_logging.rb:68:in `block in tagged'
  activesupport (4.2.0.rc1) lib/active_support/tagged_logging.rb:26:in `tagged'
  activesupport (4.2.0.rc1) lib/active_support/tagged_logging.rb:68:in `tagged'
  railties (4.2.0.rc1) lib/rails/rack/logger.rb:20:in `call'
  actionpack (4.2.0.rc1) lib/action_dispatch/middleware/request_id.rb:21:in `call'
  rack (1.6.0) lib/rack/methodoverride.rb:22:in `call'
  rack (1.6.0) lib/rack/runtime.rb:18:in `call'
  activesupport (4.2.0.rc1) lib/active_support/cache/strategy/local_cache_middleware.rb:28:in `call'
  rack (1.6.0) lib/rack/lock.rb:17:in `call'
  actionpack (4.2.0.rc1) lib/action_dispatch/middleware/static.rb:113:in `call'
  rack (1.6.0) lib/rack/sendfile.rb:113:in `call'
  railties (4.2.0.rc1) lib/rails/engine.rb:518:in `call'
  railties (4.2.0.rc1) lib/rails/application.rb:164:in `call'
  rack (1.6.0) lib/rack/lock.rb:17:in `call'
  rack (1.6.0) lib/rack/content_length.rb:15:in `call'
  rack (1.6.0) lib/rack/handler/webrick.rb:89:in `service'
  /System/Library/Frameworks/Ruby.framework/Versions/2.0/usr/lib/ruby/2.0.0/webrick/httpserver.rb:138:in `service'
  /System/Library/Frameworks/Ruby.framework/Versions/2.0/usr/lib/ruby/2.0.0/webrick/httpserver.rb:94:in `run'
  /System/Library/Frameworks/Ruby.framework/Versions/2.0/usr/lib/ruby/2.0.0/webrick/server.rb:295:in `block in start_thread'


  Rendered /Library/Ruby/Gems/2.0.0/gems/web-console-2.0.0/lib/action_dispatch/templates/rescues/_trace.html.erb (1.5ms)
  Rendered /Library/Ruby/Gems/2.0.0/gems/web-console-2.0.0/lib/action_dispatch/templates/routes/_route.html.erb (1.4ms)
  Rendered /Library/Ruby/Gems/2.0.0/gems/web-console-2.0.0/lib/action_dispatch/templates/routes/_table.html.erb (1.2ms)
  Rendered /Library/Ruby/Gems/2.0.0/gems/web-console-2.0.0/lib/action_dispatch/templates/rescues/_request_and_response.html.erb (1.3ms)
  Rendered /Library/Ruby/Gems/2.0.0/gems/web-console-2.0.0/lib/action_dispatch/templates/rescues/_web_console.html.erb (0.8ms)
  Rendered /Library/Ruby/Gems/2.0.0/gems/web-console-2.0.0/lib/action_dispatch/templates/rescues/routing_error.html.erb within rescues/layout (29.6ms)


Started GET "/assets/bootstrap" for ::1 at 2015-02-07 23:09:19 -0800

ActionController::RoutingError (No route matches [GET] "/assets/bootstrap"):
  web-console (2.0.0) lib/action_dispatch/debug_exceptions.rb:22:in `middleware_call'
  web-console (2.0.0) lib/action_dispatch/debug_exceptions.rb:13:in `call'
  actionpack (4.2.0.rc1) lib/action_dispatch/middleware/show_exceptions.rb:30:in `call'
  railties (4.2.0.rc1) lib/rails/rack/logger.rb:38:in `call_app'
  railties (4.2.0.rc1) lib/rails/rack/logger.rb:20:in `block in call'
  activesupport (4.2.0.rc1) lib/active_support/tagged_logging.rb:68:in `block in tagged'
  activesupport (4.2.0.rc1) lib/active_support/tagged_logging.rb:26:in `tagged'
  activesupport (4.2.0.rc1) lib/active_support/tagged_logging.rb:68:in `tagged'
  railties (4.2.0.rc1) lib/rails/rack/logger.rb:20:in `call'
  actionpack (4.2.0.rc1) lib/action_dispatch/middleware/request_id.rb:21:in `call'
  rack (1.6.0) lib/rack/methodoverride.rb:22:in `call'
  rack (1.6.0) lib/rack/runtime.rb:18:in `call'
  activesupport (4.2.0.rc1) lib/active_support/cache/strategy/local_cache_middleware.rb:28:in `call'
  rack (1.6.0) lib/rack/lock.rb:17:in `call'
  actionpack (4.2.0.rc1) lib/action_dispatch/middleware/static.rb:113:in `call'
  rack (1.6.0) lib/rack/sendfile.rb:113:in `call'
  railties (4.2.0.rc1) lib/rails/engine.rb:518:in `call'
  railties (4.2.0.rc1) lib/rails/application.rb:164:in `call'
  rack (1.6.0) lib/rack/lock.rb:17:in `call'
  rack (1.6.0) lib/rack/content_length.rb:15:in `call'
  rack (1.6.0) lib/rack/handler/webrick.rb:89:in `service'
  /System/Library/Frameworks/Ruby.framework/Versions/2.0/usr/lib/ruby/2.0.0/webrick/httpserver.rb:138:in `service'
  /System/Library/Frameworks/Ruby.framework/Versions/2.0/usr/lib/ruby/2.0.0/webrick/httpserver.rb:94:in `run'
  /System/Library/Frameworks/Ruby.framework/Versions/2.0/usr/lib/ruby/2.0.0/webrick/server.rb:295:in `block in start_thread'


  Rendered /Library/Ruby/Gems/2.0.0/gems/web-console-2.0.0/lib/action_dispatch/templates/rescues/_trace.html.erb (1.3ms)
  Rendered /Library/Ruby/Gems/2.0.0/gems/web-console-2.0.0/lib/action_dispatch/templates/routes/_route.html.erb (1.5ms)
  Rendered /Library/Ruby/Gems/2.0.0/gems/web-console-2.0.0/lib/action_dispatch/templates/routes/_table.html.erb (1.1ms)
  Rendered /Library/Ruby/Gems/2.0.0/gems/web-console-2.0.0/lib/action_dispatch/templates/rescues/_request_and_response.html.erb (1.2ms)
  Rendered /Library/Ruby/Gems/2.0.0/gems/web-console-2.0.0/lib/action_dispatch/templates/rescues/_web_console.html.erb (1.0ms)
  Rendered /Library/Ruby/Gems/2.0.0/gems/web-console-2.0.0/lib/action_dispatch/templates/rescues/routing_error.html.erb within rescues/layout (29.5ms)


Started GET "/assets/users-64e62ddc273c2f5847f30d698ca14b67.css?body=1" for ::1 at 2015-02-07 23:09:22 -0800


Started GET "/assets/bootstrap-sprockets" for ::1 at 2015-02-07 23:09:22 -0800

ActionController::RoutingError (No route matches [GET] "/assets/bootstrap-sprockets"):
  web-console (2.0.0) lib/action_dispatch/debug_exceptions.rb:22:in `middleware_call'
  web-console (2.0.0) lib/action_dispatch/debug_exceptions.rb:13:in `call'
  actionpack (4.2.0.rc1) lib/action_dispatch/middleware/show_exceptions.rb:30:in `call'
  railties (4.2.0.rc1) lib/rails/rack/logger.rb:38:in `call_app'
  railties (4.2.0.rc1) lib/rails/rack/logger.rb:20:in `block in call'
  activesupport (4.2.0.rc1) lib/active_support/tagged_logging.rb:68:in `block in tagged'
  activesupport (4.2.0.rc1) lib/active_support/tagged_logging.rb:26:in `tagged'
  activesupport (4.2.0.rc1) lib/active_support/tagged_logging.rb:68:in `tagged'
  railties (4.2.0.rc1) lib/rails/rack/logger.rb:20:in `call'
  actionpack (4.2.0.rc1) lib/action_dispatch/middleware/request_id.rb:21:in `call'
  rack (1.6.0) lib/rack/methodoverride.rb:22:in `call'
  rack (1.6.0) lib/rack/runtime.rb:18:in `call'
  activesupport (4.2.0.rc1) lib/active_support/cache/strategy/local_cache_middleware.rb:28:in `call'
  rack (1.6.0) lib/rack/lock.rb:17:in `call'
  actionpack (4.2.0.rc1) lib/action_dispatch/middleware/static.rb:113:in `call'
  rack (1.6.0) lib/rack/sendfile.rb:113:in `call'
  railties (4.2.0.rc1) lib/rails/engine.rb:518:in `call'
  railties (4.2.0.rc1) lib/rails/application.rb:164:in `call'
  rack (1.6.0) lib/rack/lock.rb:17:in `call'
  rack (1.6.0) lib/rack/content_length.rb:15:in `call'
  rack (1.6.0) lib/rack/handler/webrick.rb:89:in `service'
  /System/Library/Frameworks/Ruby.framework/Versions/2.0/usr/lib/ruby/2.0.0/webrick/httpserver.rb:138:in `service'
  /System/Library/Frameworks/Ruby.framework/Versions/2.0/usr/lib/ruby/2.0.0/webrick/httpserver.rb:94:in `run'
  /System/Library/Frameworks/Ruby.framework/Versions/2.0/usr/lib/ruby/2.0.0/webrick/server.rb:295:in `block in start_thread'


  Rendered /Library/Ruby/Gems/2.0.0/gems/web-console-2.0.0/lib/action_dispatch/templates/rescues/_trace.html.erb (1.9ms)
  Rendered /Library/Ruby/Gems/2.0.0/gems/web-console-2.0.0/lib/action_dispatch/templates/routes/_route.html.erb (1.9ms)
  Rendered /Library/Ruby/Gems/2.0.0/gems/web-console-2.0.0/lib/action_dispatch/templates/routes/_table.html.erb (1.5ms)
  Rendered /Library/Ruby/Gems/2.0.0/gems/web-console-2.0.0/lib/action_dispatch/templates/rescues/_request_and_response.html.erb (1.3ms)
  Rendered /Library/Ruby/Gems/2.0.0/gems/web-console-2.0.0/lib/action_dispatch/templates/rescues/_web_console.html.erb (1.0ms)
  Rendered /Library/Ruby/Gems/2.0.0/gems/web-console-2.0.0/lib/action_dispatch/templates/rescues/routing_error.html.erb within rescues/layout (34.3ms)


Started GET "/assets/application-f7d23b97110ca070de6a7ea5627bff34.css?body=1" for ::1 at 2015-02-07 23:09:23 -0800


Started GET "/assets/bootstrap" for ::1 at 2015-02-07 23:09:23 -0800

ActionController::RoutingError (No route matches [GET] "/assets/bootstrap"):
  web-console (2.0.0) lib/action_dispatch/debug_exceptions.rb:22:in `middleware_call'
  web-console (2.0.0) lib/action_dispatch/debug_exceptions.rb:13:in `call'
  actionpack (4.2.0.rc1) lib/action_dispatch/middleware/show_exceptions.rb:30:in `call'
  railties (4.2.0.rc1) lib/rails/rack/logger.rb:38:in `call_app'
  railties (4.2.0.rc1) lib/rails/rack/logger.rb:20:in `block in call'
  activesupport (4.2.0.rc1) lib/active_support/tagged_logging.rb:68:in `block in tagged'
  activesupport (4.2.0.rc1) lib/active_support/tagged_logging.rb:26:in `tagged'
  activesupport (4.2.0.rc1) lib/active_support/tagged_logging.rb:68:in `tagged'
  railties (4.2.0.rc1) lib/rails/rack/logger.rb:20:in `call'
  actionpack (4.2.0.rc1) lib/action_dispatch/middleware/request_id.rb:21:in `call'
  rack (1.6.0) lib/rack/methodoverride.rb:22:in `call'
  rack (1.6.0) lib/rack/runtime.rb:18:in `call'
  activesupport (4.2.0.rc1) lib/active_support/cache/strategy/local_cache_middleware.rb:28:in `call'
  rack (1.6.0) lib/rack/lock.rb:17:in `call'
  actionpack (4.2.0.rc1) lib/action_dispatch/middleware/static.rb:113:in `call'
  rack (1.6.0) lib/rack/sendfile.rb:113:in `call'
  railties (4.2.0.rc1) lib/rails/engine.rb:518:in `call'
  railties (4.2.0.rc1) lib/rails/application.rb:164:in `call'
  rack (1.6.0) lib/rack/lock.rb:17:in `call'
  rack (1.6.0) lib/rack/content_length.rb:15:in `call'
  rack (1.6.0) lib/rack/handler/webrick.rb:89:in `service'
  /System/Library/Frameworks/Ruby.framework/Versions/2.0/usr/lib/ruby/2.0.0/webrick/httpserver.rb:138:in `service'
  /System/Library/Frameworks/Ruby.framework/Versions/2.0/usr/lib/ruby/2.0.0/webrick/httpserver.rb:94:in `run'
  /System/Library/Frameworks/Ruby.framework/Versions/2.0/usr/lib/ruby/2.0.0/webrick/server.rb:295:in `block in start_thread'


  Rendered /Library/Ruby/Gems/2.0.0/gems/web-console-2.0.0/lib/action_dispatch/templates/rescues/_trace.html.erb (1.6ms)
  Rendered /Library/Ruby/Gems/2.0.0/gems/web-console-2.0.0/lib/action_dispatch/templates/routes/_route.html.erb (1.6ms)
  Rendered /Library/Ruby/Gems/2.0.0/gems/web-console-2.0.0/lib/action_dispatch/templates/routes/_table.html.erb (1.9ms)
  Rendered /Library/Ruby/Gems/2.0.0/gems/web-console-2.0.0/lib/action_dispatch/templates/rescues/_request_and_response.html.erb (1.6ms)
  Rendered /Library/Ruby/Gems/2.0.0/gems/web-console-2.0.0/lib/action_dispatch/templates/rescues/_web_console.html.erb (1.0ms)
  Rendered /Library/Ruby/Gems/2.0.0/gems/web-console-2.0.0/lib/action_dispatch/templates/rescues/routing_error.html.erb within rescues/layout (34.2ms)


Started GET "/users/sign_in" for ::1 at 2015-02-07 23:09:58 -0800
Processing by Devise::SessionsController#new as HTML
  Rendered /Users/samshih/.gem/ruby/2.0.0/gems/devise-3.4.1/app/views/devise/shared/_links.html.erb (5.2ms)
  Rendered /Users/samshih/.gem/ruby/2.0.0/gems/devise-3.4.1/app/views/devise/sessions/new.html.erb within layouts/application (11.0ms)
Completed 500 Internal Server Error in 33ms

ActionView::Template::Error (File to import not found or unreadable: bootstrap-sprockets.
Load paths:
  /Users/samshih/code/tabs/app/assets/images
  /Users/samshih/code/tabs/app/assets/javascripts
  /Users/samshih/code/tabs/app/assets/stylesheets
  /Users/samshih/code/tabs/vendor/assets/javascripts
  /Users/samshih/code/tabs/vendor/assets/stylesheets
  /Library/Ruby/Gems/2.0.0/gems/web-console-2.0.0/lib/assets/javascripts
  /Library/Ruby/Gems/2.0.0/gems/turbolinks-2.5.3/lib/assets/javascripts
  /Library/Ruby/Gems/2.0.0/gems/jquery-rails-4.0.1/vendor/assets/javascripts
  /Users/samshih/.gem/ruby/2.0.0/gems/coffee-rails-4.1.0/lib/assets/javascripts
  (in /Users/samshih/code/tabs/app/assets/stylesheets/application.css.scss:16)):
    2: <html>
    3: <head>
    4:   <title>Tabs</title>
    5:   <%= stylesheet_link_tag    'application', media: 'all', 'data-turbolinks-track' => true %>
    6:   <%= javascript_include_tag 'application', 'data-turbolinks-track' => true %>
    7:   <%= csrf_meta_tags %>
    8: </head>
  app/assets/stylesheets/application.css.scss:16
  app/views/layouts/application.html.erb:5:in `_app_views_layouts_application_html_erb___2288838904915871859_70345622536580'


  Rendered /Library/Ruby/Gems/2.0.0/gems/web-console-2.0.0/lib/action_dispatch/templates/rescues/_source.erb (13.5ms)
  Rendered /Library/Ruby/Gems/2.0.0/gems/web-console-2.0.0/lib/action_dispatch/templates/rescues/_trace.html.erb (4.1ms)
  Rendered /Library/Ruby/Gems/2.0.0/gems/web-console-2.0.0/lib/action_dispatch/templates/rescues/_request_and_response.html.erb (0.9ms)
  Rendered /Library/Ruby/Gems/2.0.0/gems/web-console-2.0.0/lib/action_dispatch/templates/rescues/_web_console.html.erb (1.0ms)
  Rendered /Library/Ruby/Gems/2.0.0/gems/web-console-2.0.0/lib/action_dispatch/templates/rescues/template_error.html.erb within rescues/layout (36.3ms)


Started GET "/users/sign_in" for ::1 at 2015-02-07 23:09:59 -0800
Processing by Devise::SessionsController#new as HTML
  Rendered /Users/samshih/.gem/ruby/2.0.0/gems/devise-3.4.1/app/views/devise/shared/_links.html.erb (3.4ms)
  Rendered /Users/samshih/.gem/ruby/2.0.0/gems/devise-3.4.1/app/views/devise/sessions/new.html.erb within layouts/application (8.2ms)
Completed 500 Internal Server Error in 73ms

ActionView::Template::Error (File to import not found or unreadable: bootstrap-sprockets.
Load paths:
  /Users/samshih/code/tabs/app/assets/images
  /Users/samshih/code/tabs/app/assets/javascripts
  /Users/samshih/code/tabs/app/assets/stylesheets
  /Users/samshih/code/tabs/vendor/assets/javascripts
  /Users/samshih/code/tabs/vendor/assets/stylesheets
  /Library/Ruby/Gems/2.0.0/gems/web-console-2.0.0/lib/assets/javascripts
  /Library/Ruby/Gems/2.0.0/gems/turbolinks-2.5.3/lib/assets/javascripts
  /Library/Ruby/Gems/2.0.0/gems/jquery-rails-4.0.1/vendor/assets/javascripts
  /Users/samshih/.gem/ruby/2.0.0/gems/coffee-rails-4.1.0/lib/assets/javascripts
  (in /Users/samshih/code/tabs/app/assets/stylesheets/application.css.scss:16)):
    2: <html>
    3: <head>
    4:   <title>Tabs</title>
    5:   <%= stylesheet_link_tag    'application', media: 'all', 'data-turbolinks-track' => true %>
    6:   <%= javascript_include_tag 'application', 'data-turbolinks-track' => true %>
    7:   <%= csrf_meta_tags %>
    8: </head>
  app/assets/stylesheets/application.css.scss:16
  app/views/layouts/application.html.erb:5:in `_app_views_layouts_application_html_erb___2288838904915871859_70345622536580'


  Rendered /Library/Ruby/Gems/2.0.0/gems/web-console-2.0.0/lib/action_dispatch/templates/rescues/_source.erb (16.6ms)
  Rendered /Library/Ruby/Gems/2.0.0/gems/web-console-2.0.0/lib/action_dispatch/templates/rescues/_trace.html.erb (4.0ms)
  Rendered /Library/Ruby/Gems/2.0.0/gems/web-console-2.0.0/lib/action_dispatch/templates/rescues/_request_and_response.html.erb (1.0ms)
  Rendered /Library/Ruby/Gems/2.0.0/gems/web-console-2.0.0/lib/action_dispatch/templates/rescues/_web_console.html.erb (1.0ms)
  Rendered /Library/Ruby/Gems/2.0.0/gems/web-console-2.0.0/lib/action_dispatch/templates/rescues/template_error.html.erb within rescues/layout (42.7ms)


Started GET "/users/sign_in" for ::1 at 2015-02-07 23:10:00 -0800
Processing by Devise::SessionsController#new as HTML
  Rendered /Users/samshih/.gem/ruby/2.0.0/gems/devise-3.4.1/app/views/devise/shared/_links.html.erb (2.6ms)
  Rendered /Users/samshih/.gem/ruby/2.0.0/gems/devise-3.4.1/app/views/devise/sessions/new.html.erb within layouts/application (7.5ms)
Completed 500 Internal Server Error in 24ms

ActionView::Template::Error (File to import not found or unreadable: bootstrap-sprockets.
Load paths:
  /Users/samshih/code/tabs/app/assets/images
  /Users/samshih/code/tabs/app/assets/javascripts
  /Users/samshih/code/tabs/app/assets/stylesheets
  /Users/samshih/code/tabs/vendor/assets/javascripts
  /Users/samshih/code/tabs/vendor/assets/stylesheets
  /Library/Ruby/Gems/2.0.0/gems/web-console-2.0.0/lib/assets/javascripts
  /Library/Ruby/Gems/2.0.0/gems/turbolinks-2.5.3/lib/assets/javascripts
  /Library/Ruby/Gems/2.0.0/gems/jquery-rails-4.0.1/vendor/assets/javascripts
  /Users/samshih/.gem/ruby/2.0.0/gems/coffee-rails-4.1.0/lib/assets/javascripts
  (in /Users/samshih/code/tabs/app/assets/stylesheets/application.css.scss:16)):
    2: <html>
    3: <head>
    4:   <title>Tabs</title>
    5:   <%= stylesheet_link_tag    'application', media: 'all', 'data-turbolinks-track' => true %>
    6:   <%= javascript_include_tag 'application', 'data-turbolinks-track' => true %>
    7:   <%= csrf_meta_tags %>
    8: </head>
  app/assets/stylesheets/application.css.scss:16
  app/views/layouts/application.html.erb:5:in `_app_views_layouts_application_html_erb___2288838904915871859_70345622536580'


  Rendered /Library/Ruby/Gems/2.0.0/gems/web-console-2.0.0/lib/action_dispatch/templates/rescues/_source.erb (13.3ms)
  Rendered /Library/Ruby/Gems/2.0.0/gems/web-console-2.0.0/lib/action_dispatch/templates/rescues/_trace.html.erb (92.6ms)
  Rendered /Library/Ruby/Gems/2.0.0/gems/web-console-2.0.0/lib/action_dispatch/templates/rescues/_request_and_response.html.erb (1.0ms)
  Rendered /Library/Ruby/Gems/2.0.0/gems/web-console-2.0.0/lib/action_dispatch/templates/rescues/_web_console.html.erb (0.9ms)
  Rendered /Library/Ruby/Gems/2.0.0/gems/web-console-2.0.0/lib/action_dispatch/templates/rescues/template_error.html.erb within rescues/layout (123.6ms)


Started GET "/users/sign_in" for ::1 at 2015-02-07 23:11:57 -0800
  [1m[36mActiveRecord::SchemaMigration Load (0.1ms)[0m  [1mSELECT "schema_migrations".* FROM "schema_migrations"[0m
Processing by Devise::SessionsController#new as HTML
  Rendered /Users/samshih/.gem/ruby/2.0.0/gems/devise-3.4.1/app/views/devise/shared/_links.html.erb (5.6ms)
  Rendered /Users/samshih/.gem/ruby/2.0.0/gems/devise-3.4.1/app/views/devise/sessions/new.html.erb within layouts/application (42.0ms)
Completed 200 OK in 3010ms (Views: 2928.1ms | ActiveRecord: 0.5ms)


Started GET "/assets/users-64e62ddc273c2f5847f30d698ca14b67.css?body=1" for ::1 at 2015-02-07 23:12:00 -0800


Started GET "/assets/application-e14965f807dbc00e3e489313b96f13c5.css?body=1" for ::1 at 2015-02-07 23:12:00 -0800


Started GET "/assets/jquery_ujs-c5940c7532618d551ab8f85cea97d045.js?body=1" for ::1 at 2015-02-07 23:12:00 -0800


Started GET "/assets/application-98bdd5088e85b68111ee025b1fff31e9.js?body=1" for ::1 at 2015-02-07 23:12:00 -0800


Started GET "/assets/jquery-5c8e9a5f2706a5ae36c57c9b8b1693b8.js?body=1" for ::1 at 2015-02-07 23:12:00 -0800


Started GET "/assets/turbolinks-da8ddad9c2c5483d4c5c30c1ce325253.js?body=1" for ::1 at 2015-02-07 23:12:00 -0800


Started GET "/assets/users-fcec5b5a277ac7c20cc9f45a209a3bcd.js?body=1" for ::1 at 2015-02-07 23:12:00 -0800


Started GET "/users/sign_up" for ::1 at 2015-02-07 23:12:05 -0800
Processing by Devise::RegistrationsController#new as HTML
  Rendered /Users/samshih/.gem/ruby/2.0.0/gems/devise-3.4.1/app/views/devise/shared/_links.html.erb (2.9ms)
  Rendered /Users/samshih/.gem/ruby/2.0.0/gems/devise-3.4.1/app/views/devise/registrations/new.html.erb within layouts/application (12.2ms)
Completed 200 OK in 118ms (Views: 116.7ms | ActiveRecord: 0.0ms)


Started GET "/assets/users-64e62ddc273c2f5847f30d698ca14b67.css?body=1" for ::1 at 2015-02-07 23:12:05 -0800


Started GET "/assets/jquery-5c8e9a5f2706a5ae36c57c9b8b1693b8.js?body=1" for ::1 at 2015-02-07 23:12:05 -0800


Started GET "/assets/jquery_ujs-c5940c7532618d551ab8f85cea97d045.js?body=1" for ::1 at 2015-02-07 23:12:05 -0800


Started GET "/assets/turbolinks-da8ddad9c2c5483d4c5c30c1ce325253.js?body=1" for ::1 at 2015-02-07 23:12:05 -0800


Started GET "/assets/users-fcec5b5a277ac7c20cc9f45a209a3bcd.js?body=1" for ::1 at 2015-02-07 23:12:05 -0800


Started GET "/assets/application-98bdd5088e85b68111ee025b1fff31e9.js?body=1" for ::1 at 2015-02-07 23:12:05 -0800


Started POST "/users" for ::1 at 2015-02-07 23:15:45 -0800
Processing by Devise::RegistrationsController#create as HTML
  Parameters: {"utf8"=>"✓", "authenticity_token"=>"Hi9SgHX2KoS7gMqLMs7CMdcsf94c6nJLE8ybFQh/THdSk4HDDZJJ4qLP/s7/jMKaQ2JKLKf1WvAYoc/BetmbMw==", "user"=>{"email"=>"sam00429@gmail.com", "password"=>"[FILTERED]", "password_confirmation"=>"[FILTERED]"}, "commit"=>"Sign up"}
  [1m[35m (0.1ms)[0m  begin transaction
  [1m[36mUser Exists (0.2ms)[0m  [1mSELECT  1 AS one FROM "users" WHERE "users"."email" = 'sam00429@gmail.com' LIMIT 1[0m
  [1m[35mSQL (0.5ms)[0m  INSERT INTO "users" ("email", "encrypted_password", "created_at", "updated_at") VALUES (?, ?, ?, ?)  [["email", "sam00429@gmail.com"], ["encrypted_password", "$2a$10$2kqoAYBJDCMz5uhL2EteXuimQ9SEVW9SyMc.ACggilDj9VAp4oA8q"], ["created_at", "2015-02-08 07:15:45.346783"], ["updated_at", "2015-02-08 07:15:45.346783"]]
  [1m[36m (0.8ms)[0m  [1mcommit transaction[0m
  [1m[35m (0.1ms)[0m  begin transaction
  [1m[36mSQL (0.6ms)[0m  [1mUPDATE "users" SET "last_sign_in_at" = ?, "current_sign_in_at" = ?, "last_sign_in_ip" = ?, "current_sign_in_ip" = ?, "sign_in_count" = ?, "updated_at" = ? WHERE "users"."id" = ?[0m  [["last_sign_in_at", "2015-02-08 07:15:45.350290"], ["current_sign_in_at", "2015-02-08 07:15:45.350290"], ["last_sign_in_ip", "::1"], ["current_sign_in_ip", "::1"], ["sign_in_count", 1], ["updated_at", "2015-02-08 07:15:45.351488"], ["id", 1]]
  [1m[35m (1.0ms)[0m  commit transaction
Redirected to http://localhost:3000/
Completed 302 Found in 108ms (ActiveRecord: 3.3ms)


Started GET "/" for ::1 at 2015-02-07 23:15:45 -0800
Processing by UsersController#new as HTML
  Rendered users/new.html.erb within layouts/application (0.3ms)
Completed 200 OK in 110ms (Views: 109.5ms | ActiveRecord: 0.0ms)


Started GET "/assets/users-64e62ddc273c2f5847f30d698ca14b67.css?body=1" for ::1 at 2015-02-07 23:15:45 -0800


Started GET "/assets/jquery-5c8e9a5f2706a5ae36c57c9b8b1693b8.js?body=1" for ::1 at 2015-02-07 23:15:45 -0800


Started GET "/assets/turbolinks-da8ddad9c2c5483d4c5c30c1ce325253.js?body=1" for ::1 at 2015-02-07 23:15:45 -0800


Started GET "/assets/jquery_ujs-c5940c7532618d551ab8f85cea97d045.js?body=1" for ::1 at 2015-02-07 23:15:45 -0800


Started GET "/assets/application-98bdd5088e85b68111ee025b1fff31e9.js?body=1" for ::1 at 2015-02-07 23:15:45 -0800


Started GET "/assets/users-fcec5b5a277ac7c20cc9f45a209a3bcd.js?body=1" for ::1 at 2015-02-07 23:15:45 -0800
  [1m[36mUser Load (0.3ms)[0m  [1mSELECT  "users".* FROM "users"  ORDER BY "users"."id" ASC LIMIT 1[0m
  [1m[35mUser Load (0.3ms)[0m  SELECT  "users".* FROM "users"  ORDER BY "users"."id" ASC LIMIT 1


Started GET "/" for ::1 at 2015-02-07 23:39:38 -0800
Processing by UsersController#new as HTML
  Rendered users/new.html.erb within layouts/application (0.1ms)
  [1m[36mUser Load (0.2ms)[0m  [1mSELECT  "users".* FROM "users" WHERE "users"."id" = ?  ORDER BY "users"."id" ASC LIMIT 1[0m  [["id", 1]]
Completed 200 OK in 57ms (Views: 56.6ms | ActiveRecord: 0.2ms)


Started GET "/assets/users-64e62ddc273c2f5847f30d698ca14b67.css?body=1" for ::1 at 2015-02-07 23:39:38 -0800


Started GET "/assets/application-e14965f807dbc00e3e489313b96f13c5.css?body=1" for ::1 at 2015-02-07 23:39:38 -0800


Started GET "/assets/jquery-5c8e9a5f2706a5ae36c57c9b8b1693b8.js?body=1" for ::1 at 2015-02-07 23:39:38 -0800


Started GET "/assets/turbolinks-da8ddad9c2c5483d4c5c30c1ce325253.js?body=1" for ::1 at 2015-02-07 23:39:38 -0800


Started GET "/assets/jquery_ujs-c5940c7532618d551ab8f85cea97d045.js?body=1" for ::1 at 2015-02-07 23:39:38 -0800


Started GET "/assets/users-fcec5b5a277ac7c20cc9f45a209a3bcd.js?body=1" for ::1 at 2015-02-07 23:39:38 -0800


Started GET "/assets/application-98bdd5088e85b68111ee025b1fff31e9.js?body=1" for ::1 at 2015-02-07 23:39:38 -0800


Started GET "/" for ::1 at 2015-02-07 23:39:40 -0800
Processing by UsersController#new as HTML
  Rendered users/new.html.erb within layouts/application (0.1ms)
  [1m[35mUser Load (0.1ms)[0m  SELECT  "users".* FROM "users" WHERE "users"."id" = ?  ORDER BY "users"."id" ASC LIMIT 1  [["id", 1]]
Completed 200 OK in 104ms (Views: 103.8ms | ActiveRecord: 0.1ms)


Started GET "/assets/users-64e62ddc273c2f5847f30d698ca14b67.css?body=1" for ::1 at 2015-02-07 23:39:40 -0800


Started GET "/assets/turbolinks-da8ddad9c2c5483d4c5c30c1ce325253.js?body=1" for ::1 at 2015-02-07 23:39:40 -0800


Started GET "/assets/application-e14965f807dbc00e3e489313b96f13c5.css?body=1" for ::1 at 2015-02-07 23:39:40 -0800


Started GET "/assets/jquery-5c8e9a5f2706a5ae36c57c9b8b1693b8.js?body=1" for ::1 at 2015-02-07 23:39:40 -0800


Started GET "/assets/jquery_ujs-c5940c7532618d551ab8f85cea97d045.js?body=1" for ::1 at 2015-02-07 23:39:40 -0800


Started GET "/assets/users-fcec5b5a277ac7c20cc9f45a209a3bcd.js?body=1" for ::1 at 2015-02-07 23:39:40 -0800


Started GET "/assets/application-98bdd5088e85b68111ee025b1fff31e9.js?body=1" for ::1 at 2015-02-07 23:39:40 -0800


Started GET "/users/sign_out" for ::1 at 2015-02-07 23:39:42 -0800

ActionController::RoutingError (No route matches [GET] "/users/sign_out"):
  web-console (2.0.0) lib/action_dispatch/debug_exceptions.rb:22:in `middleware_call'
  web-console (2.0.0) lib/action_dispatch/debug_exceptions.rb:13:in `call'
  actionpack (4.2.0.rc1) lib/action_dispatch/middleware/show_exceptions.rb:30:in `call'
  railties (4.2.0.rc1) lib/rails/rack/logger.rb:38:in `call_app'
  railties (4.2.0.rc1) lib/rails/rack/logger.rb:20:in `block in call'
  activesupport (4.2.0.rc1) lib/active_support/tagged_logging.rb:68:in `block in tagged'
  activesupport (4.2.0.rc1) lib/active_support/tagged_logging.rb:26:in `tagged'
  activesupport (4.2.0.rc1) lib/active_support/tagged_logging.rb:68:in `tagged'
  railties (4.2.0.rc1) lib/rails/rack/logger.rb:20:in `call'
  actionpack (4.2.0.rc1) lib/action_dispatch/middleware/request_id.rb:21:in `call'
  rack (1.6.0) lib/rack/methodoverride.rb:22:in `call'
  rack (1.6.0) lib/rack/runtime.rb:18:in `call'
  activesupport (4.2.0.rc1) lib/active_support/cache/strategy/local_cache_middleware.rb:28:in `call'
  rack (1.6.0) lib/rack/lock.rb:17:in `call'
  actionpack (4.2.0.rc1) lib/action_dispatch/middleware/static.rb:113:in `call'
  rack (1.6.0) lib/rack/sendfile.rb:113:in `call'
  railties (4.2.0.rc1) lib/rails/engine.rb:518:in `call'
  railties (4.2.0.rc1) lib/rails/application.rb:164:in `call'
  rack (1.6.0) lib/rack/lock.rb:17:in `call'
  rack (1.6.0) lib/rack/content_length.rb:15:in `call'
  rack (1.6.0) lib/rack/handler/webrick.rb:89:in `service'
  /System/Library/Frameworks/Ruby.framework/Versions/2.0/usr/lib/ruby/2.0.0/webrick/httpserver.rb:138:in `service'
  /System/Library/Frameworks/Ruby.framework/Versions/2.0/usr/lib/ruby/2.0.0/webrick/httpserver.rb:94:in `run'
  /System/Library/Frameworks/Ruby.framework/Versions/2.0/usr/lib/ruby/2.0.0/webrick/server.rb:295:in `block in start_thread'


  Rendered /Library/Ruby/Gems/2.0.0/gems/web-console-2.0.0/lib/action_dispatch/templates/rescues/_trace.html.erb (1.4ms)
  Rendered /Library/Ruby/Gems/2.0.0/gems/web-console-2.0.0/lib/action_dispatch/templates/routes/_route.html.erb (1.6ms)
  Rendered /Library/Ruby/Gems/2.0.0/gems/web-console-2.0.0/lib/action_dispatch/templates/routes/_table.html.erb (3.7ms)
  Rendered /Library/Ruby/Gems/2.0.0/gems/web-console-2.0.0/lib/action_dispatch/templates/rescues/_request_and_response.html.erb (1.4ms)
  Rendered /Library/Ruby/Gems/2.0.0/gems/web-console-2.0.0/lib/action_dispatch/templates/rescues/_web_console.html.erb (1.1ms)
  Rendered /Library/Ruby/Gems/2.0.0/gems/web-console-2.0.0/lib/action_dispatch/templates/rescues/routing_error.html.erb within rescues/layout (40.6ms)


Started GET "/users/sign_out" for ::1 at 2015-02-07 23:39:42 -0800

ActionController::RoutingError (No route matches [GET] "/users/sign_out"):
  web-console (2.0.0) lib/action_dispatch/debug_exceptions.rb:22:in `middleware_call'
  web-console (2.0.0) lib/action_dispatch/debug_exceptions.rb:13:in `call'
  actionpack (4.2.0.rc1) lib/action_dispatch/middleware/show_exceptions.rb:30:in `call'
  railties (4.2.0.rc1) lib/rails/rack/logger.rb:38:in `call_app'
  railties (4.2.0.rc1) lib/rails/rack/logger.rb:20:in `block in call'
  activesupport (4.2.0.rc1) lib/active_support/tagged_logging.rb:68:in `block in tagged'
  activesupport (4.2.0.rc1) lib/active_support/tagged_logging.rb:26:in `tagged'
  activesupport (4.2.0.rc1) lib/active_support/tagged_logging.rb:68:in `tagged'
  railties (4.2.0.rc1) lib/rails/rack/logger.rb:20:in `call'
  actionpack (4.2.0.rc1) lib/action_dispatch/middleware/request_id.rb:21:in `call'
  rack (1.6.0) lib/rack/methodoverride.rb:22:in `call'
  rack (1.6.0) lib/rack/runtime.rb:18:in `call'
  activesupport (4.2.0.rc1) lib/active_support/cache/strategy/local_cache_middleware.rb:28:in `call'
  rack (1.6.0) lib/rack/lock.rb:17:in `call'
  actionpack (4.2.0.rc1) lib/action_dispatch/middleware/static.rb:113:in `call'
  rack (1.6.0) lib/rack/sendfile.rb:113:in `call'
  railties (4.2.0.rc1) lib/rails/engine.rb:518:in `call'
  railties (4.2.0.rc1) lib/rails/application.rb:164:in `call'
  rack (1.6.0) lib/rack/lock.rb:17:in `call'
  rack (1.6.0) lib/rack/content_length.rb:15:in `call'
  rack (1.6.0) lib/rack/handler/webrick.rb:89:in `service'
  /System/Library/Frameworks/Ruby.framework/Versions/2.0/usr/lib/ruby/2.0.0/webrick/httpserver.rb:138:in `service'
  /System/Library/Frameworks/Ruby.framework/Versions/2.0/usr/lib/ruby/2.0.0/webrick/httpserver.rb:94:in `run'
  /System/Library/Frameworks/Ruby.framework/Versions/2.0/usr/lib/ruby/2.0.0/webrick/server.rb:295:in `block in start_thread'


  Rendered /Library/Ruby/Gems/2.0.0/gems/web-console-2.0.0/lib/action_dispatch/templates/rescues/_trace.html.erb (1.3ms)
  Rendered /Library/Ruby/Gems/2.0.0/gems/web-console-2.0.0/lib/action_dispatch/templates/routes/_route.html.erb (2.0ms)
  Rendered /Library/Ruby/Gems/2.0.0/gems/web-console-2.0.0/lib/action_dispatch/templates/routes/_table.html.erb (1.4ms)
  Rendered /Library/Ruby/Gems/2.0.0/gems/web-console-2.0.0/lib/action_dispatch/templates/rescues/_request_and_response.html.erb (1.6ms)
  Rendered /Library/Ruby/Gems/2.0.0/gems/web-console-2.0.0/lib/action_dispatch/templates/rescues/_web_console.html.erb (1.0ms)
  Rendered /Library/Ruby/Gems/2.0.0/gems/web-console-2.0.0/lib/action_dispatch/templates/rescues/routing_error.html.erb within rescues/layout (34.8ms)


Started GET "/users/sign_out" for ::1 at 2015-02-07 23:40:21 -0800

ActionController::RoutingError (No route matches [GET] "/users/sign_out"):
  web-console (2.0.0) lib/action_dispatch/debug_exceptions.rb:22:in `middleware_call'
  web-console (2.0.0) lib/action_dispatch/debug_exceptions.rb:13:in `call'
  actionpack (4.2.0.rc1) lib/action_dispatch/middleware/show_exceptions.rb:30:in `call'
  railties (4.2.0.rc1) lib/rails/rack/logger.rb:38:in `call_app'
  railties (4.2.0.rc1) lib/rails/rack/logger.rb:20:in `block in call'
  activesupport (4.2.0.rc1) lib/active_support/tagged_logging.rb:68:in `block in tagged'
  activesupport (4.2.0.rc1) lib/active_support/tagged_logging.rb:26:in `tagged'
  activesupport (4.2.0.rc1) lib/active_support/tagged_logging.rb:68:in `tagged'
  railties (4.2.0.rc1) lib/rails/rack/logger.rb:20:in `call'
  actionpack (4.2.0.rc1) lib/action_dispatch/middleware/request_id.rb:21:in `call'
  rack (1.6.0) lib/rack/methodoverride.rb:22:in `call'
  rack (1.6.0) lib/rack/runtime.rb:18:in `call'
  activesupport (4.2.0.rc1) lib/active_support/cache/strategy/local_cache_middleware.rb:28:in `call'
  rack (1.6.0) lib/rack/lock.rb:17:in `call'
  actionpack (4.2.0.rc1) lib/action_dispatch/middleware/static.rb:113:in `call'
  rack (1.6.0) lib/rack/sendfile.rb:113:in `call'
  railties (4.2.0.rc1) lib/rails/engine.rb:518:in `call'
  railties (4.2.0.rc1) lib/rails/application.rb:164:in `call'
  rack (1.6.0) lib/rack/lock.rb:17:in `call'
  rack (1.6.0) lib/rack/content_length.rb:15:in `call'
  rack (1.6.0) lib/rack/handler/webrick.rb:89:in `service'
  /System/Library/Frameworks/Ruby.framework/Versions/2.0/usr/lib/ruby/2.0.0/webrick/httpserver.rb:138:in `service'
  /System/Library/Frameworks/Ruby.framework/Versions/2.0/usr/lib/ruby/2.0.0/webrick/httpserver.rb:94:in `run'
  /System/Library/Frameworks/Ruby.framework/Versions/2.0/usr/lib/ruby/2.0.0/webrick/server.rb:295:in `block in start_thread'


  Rendered /Library/Ruby/Gems/2.0.0/gems/web-console-2.0.0/lib/action_dispatch/templates/rescues/_trace.html.erb (1.3ms)
  Rendered /Library/Ruby/Gems/2.0.0/gems/web-console-2.0.0/lib/action_dispatch/templates/routes/_route.html.erb (1.8ms)
  Rendered /Library/Ruby/Gems/2.0.0/gems/web-console-2.0.0/lib/action_dispatch/templates/routes/_table.html.erb (1.2ms)
  Rendered /Library/Ruby/Gems/2.0.0/gems/web-console-2.0.0/lib/action_dispatch/templates/rescues/_request_and_response.html.erb (1.1ms)
  Rendered /Library/Ruby/Gems/2.0.0/gems/web-console-2.0.0/lib/action_dispatch/templates/rescues/_web_console.html.erb (1.3ms)
  Rendered /Library/Ruby/Gems/2.0.0/gems/web-console-2.0.0/lib/action_dispatch/templates/rescues/routing_error.html.erb within rescues/layout (30.8ms)


Started GET "/users/sign_out" for ::1 at 2015-02-07 23:40:22 -0800

ActionController::RoutingError (No route matches [GET] "/users/sign_out"):
  web-console (2.0.0) lib/action_dispatch/debug_exceptions.rb:22:in `middleware_call'
  web-console (2.0.0) lib/action_dispatch/debug_exceptions.rb:13:in `call'
  actionpack (4.2.0.rc1) lib/action_dispatch/middleware/show_exceptions.rb:30:in `call'
  railties (4.2.0.rc1) lib/rails/rack/logger.rb:38:in `call_app'
  railties (4.2.0.rc1) lib/rails/rack/logger.rb:20:in `block in call'
  activesupport (4.2.0.rc1) lib/active_support/tagged_logging.rb:68:in `block in tagged'
  activesupport (4.2.0.rc1) lib/active_support/tagged_logging.rb:26:in `tagged'
  activesupport (4.2.0.rc1) lib/active_support/tagged_logging.rb:68:in `tagged'
  railties (4.2.0.rc1) lib/rails/rack/logger.rb:20:in `call'
  actionpack (4.2.0.rc1) lib/action_dispatch/middleware/request_id.rb:21:in `call'
  rack (1.6.0) lib/rack/methodoverride.rb:22:in `call'
  rack (1.6.0) lib/rack/runtime.rb:18:in `call'
  activesupport (4.2.0.rc1) lib/active_support/cache/strategy/local_cache_middleware.rb:28:in `call'
  rack (1.6.0) lib/rack/lock.rb:17:in `call'
  actionpack (4.2.0.rc1) lib/action_dispatch/middleware/static.rb:113:in `call'
  rack (1.6.0) lib/rack/sendfile.rb:113:in `call'
  railties (4.2.0.rc1) lib/rails/engine.rb:518:in `call'
  railties (4.2.0.rc1) lib/rails/application.rb:164:in `call'
  rack (1.6.0) lib/rack/lock.rb:17:in `call'
  rack (1.6.0) lib/rack/content_length.rb:15:in `call'
  rack (1.6.0) lib/rack/handler/webrick.rb:89:in `service'
  /System/Library/Frameworks/Ruby.framework/Versions/2.0/usr/lib/ruby/2.0.0/webrick/httpserver.rb:138:in `service'
  /System/Library/Frameworks/Ruby.framework/Versions/2.0/usr/lib/ruby/2.0.0/webrick/httpserver.rb:94:in `run'
  /System/Library/Frameworks/Ruby.framework/Versions/2.0/usr/lib/ruby/2.0.0/webrick/server.rb:295:in `block in start_thread'


  Rendered /Library/Ruby/Gems/2.0.0/gems/web-console-2.0.0/lib/action_dispatch/templates/rescues/_trace.html.erb (1.3ms)
  Rendered /Library/Ruby/Gems/2.0.0/gems/web-console-2.0.0/lib/action_dispatch/templates/routes/_route.html.erb (1.8ms)
  Rendered /Library/Ruby/Gems/2.0.0/gems/web-console-2.0.0/lib/action_dispatch/templates/routes/_table.html.erb (1.2ms)
  Rendered /Library/Ruby/Gems/2.0.0/gems/web-console-2.0.0/lib/action_dispatch/templates/rescues/_request_and_response.html.erb (1.1ms)
  Rendered /Library/Ruby/Gems/2.0.0/gems/web-console-2.0.0/lib/action_dispatch/templates/rescues/_web_console.html.erb (1.0ms)
  Rendered /Library/Ruby/Gems/2.0.0/gems/web-console-2.0.0/lib/action_dispatch/templates/rescues/routing_error.html.erb within rescues/layout (30.4ms)


Started GET "/" for ::1 at 2015-02-07 23:41:25 -0800
Processing by UsersController#new as HTML
  Rendered users/new.html.erb within layouts/application (0.1ms)
  [1m[36mUser Load (0.1ms)[0m  [1mSELECT  "users".* FROM "users" WHERE "users"."id" = ?  ORDER BY "users"."id" ASC LIMIT 1[0m  [["id", 1]]
Completed 200 OK in 103ms (Views: 101.9ms | ActiveRecord: 0.1ms)


Started GET "/assets/application-e14965f807dbc00e3e489313b96f13c5.css?body=1" for ::1 at 2015-02-07 23:41:26 -0800


Started GET "/assets/users-64e62ddc273c2f5847f30d698ca14b67.css?body=1" for ::1 at 2015-02-07 23:41:26 -0800


Started GET "/assets/jquery-5c8e9a5f2706a5ae36c57c9b8b1693b8.js?body=1" for ::1 at 2015-02-07 23:41:26 -0800


Started GET "/assets/jquery_ujs-c5940c7532618d551ab8f85cea97d045.js?body=1" for ::1 at 2015-02-07 23:41:26 -0800


Started GET "/assets/turbolinks-da8ddad9c2c5483d4c5c30c1ce325253.js?body=1" for ::1 at 2015-02-07 23:41:26 -0800


Started GET "/assets/application-98bdd5088e85b68111ee025b1fff31e9.js?body=1" for ::1 at 2015-02-07 23:41:26 -0800


Started GET "/assets/users-fcec5b5a277ac7c20cc9f45a209a3bcd.js?body=1" for ::1 at 2015-02-07 23:41:26 -0800


Started GET "/" for ::1 at 2015-02-07 23:41:26 -0800
Processing by UsersController#new as HTML
  Rendered users/new.html.erb within layouts/application (0.1ms)
  [1m[35mUser Load (0.1ms)[0m  SELECT  "users".* FROM "users" WHERE "users"."id" = ?  ORDER BY "users"."id" ASC LIMIT 1  [["id", 1]]
Completed 200 OK in 53ms (Views: 52.4ms | ActiveRecord: 0.1ms)


Started GET "/assets/users-64e62ddc273c2f5847f30d698ca14b67.css?body=1" for ::1 at 2015-02-07 23:41:26 -0800


Started GET "/assets/application-e14965f807dbc00e3e489313b96f13c5.css?body=1" for ::1 at 2015-02-07 23:41:26 -0800


Started GET "/assets/jquery-5c8e9a5f2706a5ae36c57c9b8b1693b8.js?body=1" for ::1 at 2015-02-07 23:41:26 -0800


Started GET "/assets/users-fcec5b5a277ac7c20cc9f45a209a3bcd.js?body=1" for ::1 at 2015-02-07 23:41:26 -0800


Started GET "/assets/turbolinks-da8ddad9c2c5483d4c5c30c1ce325253.js?body=1" for ::1 at 2015-02-07 23:41:26 -0800


Started GET "/assets/jquery_ujs-c5940c7532618d551ab8f85cea97d045.js?body=1" for ::1 at 2015-02-07 23:41:26 -0800


Started GET "/assets/application-98bdd5088e85b68111ee025b1fff31e9.js?body=1" for ::1 at 2015-02-07 23:41:26 -0800


Started DELETE "/users/sign_out" for ::1 at 2015-02-07 23:41:27 -0800
Processing by Devise::SessionsController#destroy as HTML
  Parameters: {"authenticity_token"=>"GCj7WxfaR4aRVXAwUgtX3TMMIbXNSJALkNgfHbelPwtUlCgYb74k4IgaRHWfSVd2p0IUR3ZXuLCbtUvJxQPoTw=="}
  [1m[36mUser Load (0.1ms)[0m  [1mSELECT  "users".* FROM "users" WHERE "users"."id" = ?  ORDER BY "users"."id" ASC LIMIT 1[0m  [["id", 1]]
  [1m[35m (0.1ms)[0m  begin transaction
  [1m[36m (0.0ms)[0m  [1mcommit transaction[0m
Redirected to http://localhost:3000/
Completed 302 Found in 11ms (ActiveRecord: 0.3ms)


Started GET "/" for ::1 at 2015-02-07 23:41:27 -0800
Processing by UsersController#new as HTML
  Rendered users/new.html.erb within layouts/application (0.1ms)
Completed 200 OK in 51ms (Views: 50.8ms | ActiveRecord: 0.0ms)


Started GET "/assets/users-64e62ddc273c2f5847f30d698ca14b67.css?body=1" for ::1 at 2015-02-07 23:41:27 -0800


Started GET "/assets/jquery-5c8e9a5f2706a5ae36c57c9b8b1693b8.js?body=1" for ::1 at 2015-02-07 23:41:27 -0800


Started GET "/assets/application-e14965f807dbc00e3e489313b96f13c5.css?body=1" for ::1 at 2015-02-07 23:41:27 -0800


Started GET "/assets/jquery_ujs-c5940c7532618d551ab8f85cea97d045.js?body=1" for ::1 at 2015-02-07 23:41:27 -0800


Started GET "/assets/users-fcec5b5a277ac7c20cc9f45a209a3bcd.js?body=1" for ::1 at 2015-02-07 23:41:27 -0800


Started GET "/assets/turbolinks-da8ddad9c2c5483d4c5c30c1ce325253.js?body=1" for ::1 at 2015-02-07 23:41:27 -0800


Started GET "/assets/application-98bdd5088e85b68111ee025b1fff31e9.js?body=1" for ::1 at 2015-02-07 23:41:27 -0800
